d:\usr\koei\tenshouki95\dllwrap\tenshougimod\tenshougimod\release\kifu.obj
d:\usr\koei\tenshouki95\dllwrap\tenshougimod\tenshougimod\release\sharedmemory.obj
d:\usr\koei\tenshouki95\dllwrap\tenshougimod\tenshougimod\release\tenshougipipe.obj
d:\usr\koei\tenshouki95\dllwrap\tenshougimod\tenshougimod\release\gamedatastruct.obj
d:\usr\koei\tenshouki95\dllwrap\tenshougimod\tenshougimod\release\tenshougiboard.obj
d:\usr\koei\tenshouki95\dllwrap\tenshougimod\tenshougimod\release\vc120.pdb
d:\usr\koei\tenshouki95\dllwrap\tenshougimod\tenshougimod\release\.netframework,version=v4.0.assemblyattributes.obj
d:\usr\koei\tenshouki95\dllwrap\tenshougimod\release\tenshougimod.dll
d:\usr\koei\tenshouki95\dllwrap\tenshougimod\tenshougimod\release\tenshougimod.res
d:\usr\koei\tenshouki95\dllwrap\tenshougimod\tenshougimod\release\tenshougimod.tenshougimod.resources
d:\usr\koei\tenshouki95\dllwrap\tenshougimod\release\tenshougimod.lib
d:\usr\koei\tenshouki95\dllwrap\tenshougimod\release\tenshougimod.exp
d:\usr\koei\tenshouki95\dllwrap\tenshougimod\tenshougimod\release\tenshougimod.vcxproj.generateresource.cache
d:\usr\koei\tenshouki95\dllwrap\tenshougimod\tenshougimod\release\tenshougimod.tlog\cl.command.1.tlog
d:\usr\koei\tenshouki95\dllwrap\tenshougimod\tenshougimod\release\tenshougimod.tlog\cl.read.1.tlog
d:\usr\koei\tenshouki95\dllwrap\tenshougimod\tenshougimod\release\tenshougimod.tlog\cl.write.1.tlog
d:\usr\koei\tenshouki95\dllwrap\tenshougimod\tenshougimod\release\tenshougimod.tlog\link.command.1.tlog
d:\usr\koei\tenshouki95\dllwrap\tenshougimod\tenshougimod\release\tenshougimod.tlog\link.read.1.tlog
d:\usr\koei\tenshouki95\dllwrap\tenshougimod\tenshougimod\release\tenshougimod.tlog\link.write.1.tlog
d:\usr\koei\tenshouki95\dllwrap\tenshougimod\tenshougimod\release\tenshougimod.tlog\metagen.read.1.tlog
d:\usr\koei\tenshouki95\dllwrap\tenshougimod\tenshougimod\release\tenshougimod.tlog\metagen.write.1.tlog
d:\usr\koei\tenshouki95\dllwrap\tenshougimod\tenshougimod\release\tenshougimod.tlog\rc.command.1.tlog
d:\usr\koei\tenshouki95\dllwrap\tenshougimod\tenshougimod\release\tenshougimod.tlog\rc.read.1.tlog
d:\usr\koei\tenshouki95\dllwrap\tenshougimod\tenshougimod\release\tenshougimod.tlog\rc.write.1.tlog
d:\usr\koei\tenshouki95\dllwrap\tenshougimod\tenshougimod\release\tenshougimod.tlog\tenshougimod.write.1u.tlog
