c:\usr\koei\tenshouki95\dllwrap\tenshougimod\tenshougimodserver\release\vc120.pdb
c:\usr\koei\tenshouki95\dllwrap\tenshougimod\release\tenshougimodserver.exe
c:\usr\koei\tenshouki95\dllwrap\tenshougimod\release\tenshougimodserver.pdb
c:\usr\koei\tenshouki95\dllwrap\tenshougimod\tenshougimodserver\release\bonanza.res
c:\usr\koei\tenshouki95\dllwrap\tenshougimod\tenshougimodserver\release\attack.obj
c:\usr\koei\tenshouki95\dllwrap\tenshougimod\tenshougimodserver\release\bitop.obj
c:\usr\koei\tenshouki95\dllwrap\tenshougimod\tenshougimodserver\release\book.obj
c:\usr\koei\tenshouki95\dllwrap\tenshougimod\tenshougimodserver\release\csa.obj
c:\usr\koei\tenshouki95\dllwrap\tenshougimod\tenshougimodserver\release\data.obj
c:\usr\koei\tenshouki95\dllwrap\tenshougimod\tenshougimodserver\release\debug.obj
c:\usr\koei\tenshouki95\dllwrap\tenshougimod\tenshougimodserver\release\dfpn.obj
c:\usr\koei\tenshouki95\dllwrap\tenshougimod\tenshougimodserver\release\dfpnhash.obj
c:\usr\koei\tenshouki95\dllwrap\tenshougimod\tenshougimodserver\release\evaldiff.obj
c:\usr\koei\tenshouki95\dllwrap\tenshougimod\tenshougimodserver\release\evaluate.obj
c:\usr\koei\tenshouki95\dllwrap\tenshougimod\tenshougimodserver\release\gencap.obj
c:\usr\koei\tenshouki95\dllwrap\tenshougimod\tenshougimodserver\release\genchk.obj
c:\usr\koei\tenshouki95\dllwrap\tenshougimod\tenshougimodserver\release\gendrop.obj
c:\usr\koei\tenshouki95\dllwrap\tenshougimod\tenshougimodserver\release\genevasn.obj
c:\usr\koei\tenshouki95\dllwrap\tenshougimod\tenshougimodserver\release\gennocap.obj
c:\usr\koei\tenshouki95\dllwrap\tenshougimod\tenshougimodserver\release\hash.obj
c:\usr\koei\tenshouki95\dllwrap\tenshougimod\tenshougimodserver\release\ini.obj
c:\usr\koei\tenshouki95\dllwrap\tenshougimod\tenshougimodserver\release\io.obj
c:\usr\koei\tenshouki95\dllwrap\tenshougimod\tenshougimodserver\release\iterate.obj
c:\usr\koei\tenshouki95\dllwrap\tenshougimod\tenshougimodserver\release\learn1.obj
c:\usr\koei\tenshouki95\dllwrap\tenshougimod\tenshougimodserver\release\learn2.obj
c:\usr\koei\tenshouki95\dllwrap\tenshougimod\tenshougimodserver\release\main.obj
c:\usr\koei\tenshouki95\dllwrap\tenshougimod\tenshougimodserver\release\makemove.obj
c:\usr\koei\tenshouki95\dllwrap\tenshougimod\tenshougimodserver\release\mate1ply.obj
c:\usr\koei\tenshouki95\dllwrap\tenshougimod\tenshougimodserver\release\mate3.obj
c:\usr\koei\tenshouki95\dllwrap\tenshougimod\tenshougimodserver\release\movgenex.obj
c:\usr\koei\tenshouki95\dllwrap\tenshougimod\tenshougimodserver\release\next.obj
c:\usr\koei\tenshouki95\dllwrap\tenshougimod\tenshougimodserver\release\phash.obj
c:\usr\koei\tenshouki95\dllwrap\tenshougimod\tenshougimodserver\release\ponder.obj
c:\usr\koei\tenshouki95\dllwrap\tenshougimod\tenshougimodserver\release\problem.obj
c:\usr\koei\tenshouki95\dllwrap\tenshougimod\tenshougimodserver\release\proce.obj
c:\usr\koei\tenshouki95\dllwrap\tenshougimod\tenshougimodserver\release\quiesrch.obj
c:\usr\koei\tenshouki95\dllwrap\tenshougimod\tenshougimodserver\release\rand.obj
c:\usr\koei\tenshouki95\dllwrap\tenshougimod\tenshougimodserver\release\root.obj
c:\usr\koei\tenshouki95\dllwrap\tenshougimod\tenshougimodserver\release\sckt.obj
c:\usr\koei\tenshouki95\dllwrap\tenshougimod\tenshougimodserver\release\search.obj
c:\usr\koei\tenshouki95\dllwrap\tenshougimod\tenshougimodserver\release\searchr.obj
c:\usr\koei\tenshouki95\dllwrap\tenshougimod\tenshougimodserver\release\swap.obj
c:\usr\koei\tenshouki95\dllwrap\tenshougimod\tenshougimodserver\release\thread.obj
c:\usr\koei\tenshouki95\dllwrap\tenshougimod\tenshougimodserver\release\time.obj
c:\usr\koei\tenshouki95\dllwrap\tenshougimod\tenshougimodserver\release\unmake.obj
c:\usr\koei\tenshouki95\dllwrap\tenshougimod\tenshougimodserver\release\utility.obj
c:\usr\koei\tenshouki95\dllwrap\tenshougimod\tenshougimodserver\release\valid.obj
c:\usr\koei\tenshouki95\dllwrap\tenshougimod\tenshougimodserver\release\tenshoug.802da698.tlog\cl.command.1.tlog
c:\usr\koei\tenshouki95\dllwrap\tenshougimod\tenshougimodserver\release\tenshoug.802da698.tlog\cl.read.1.tlog
c:\usr\koei\tenshouki95\dllwrap\tenshougimod\tenshougimodserver\release\tenshoug.802da698.tlog\cl.write.1.tlog
c:\usr\koei\tenshouki95\dllwrap\tenshougimod\tenshougimodserver\release\tenshoug.802da698.tlog\link.command.1.tlog
c:\usr\koei\tenshouki95\dllwrap\tenshougimod\tenshougimodserver\release\tenshoug.802da698.tlog\link.read.1.tlog
c:\usr\koei\tenshouki95\dllwrap\tenshougimod\tenshougimodserver\release\tenshoug.802da698.tlog\link.write.1.tlog
c:\usr\koei\tenshouki95\dllwrap\tenshougimod\tenshougimodserver\release\tenshoug.802da698.tlog\rc.command.1.tlog
c:\usr\koei\tenshouki95\dllwrap\tenshougimod\tenshougimodserver\release\tenshoug.802da698.tlog\rc.read.1.tlog
c:\usr\koei\tenshouki95\dllwrap\tenshougimod\tenshougimodserver\release\tenshoug.802da698.tlog\rc.write.1.tlog
