  attack.c
  bitop.c
  book.c
  csa.c
  data.c
  debug.c
  dfpn.c
  dfpnhash.c
  evaldiff.c
  evaluate.c
  gencap.c
  genchk.c
  gendrop.c
  genevasn.c
  gennocap.c
  hash.c
  ini.c
  io.c
  iterate.c
  learn1.c
  learn2.c
  main.c
  makemove.c
  mate1ply.c
  mate3.c
  movgenex.c
  next.c
  phash.c
  ponder.c
  problem.c
  proce.c
  quiesrch.c
  rand.c
  root.c
  sckt.c
  search.c
  searchr.c
  swap.c
  thread.c
  time.c
  unmake.c
  utility.c
  valid.c
  コード生成しています。
  コード生成が終了しました。
  TenShougiModServer.vcxproj -> C:\usr\koei\tenshouki95\dllwrap\TenShougiMod\Release\TenShougiModServer.exe
